# JRE version: Java(TM) SE Runtime Environment (8.0_121-b13) (build 1.8.0_121-b13)
# Java VM: Java HotSpot(TM) 64-Bit Server VM (25.121-b13 mixed mode windows-amd64 compressed oops)
Heap:
 PSYoungGen      total 22528K, used 13672K [0x00000000eab00000, 0x00000000ec780000, 0x0000000100000000)
  eden space 15872K, 86% used [0x00000000eab00000,0x00000000eb85a080,0x00000000eba80000)
  from space 6656K, 0% used [0x00000000eba80000,0x00000000eba80000,0x00000000ec100000)
  to   space 6656K, 0% used [0x00000000ec100000,0x00000000ec100000,0x00000000ec780000)
 ParOldGen       total 32256K, used 12471K [0x00000000c0000000, 0x00000000c1f80000, 0x00000000eab00000)
  object space 32256K, 38% used [0x00000000c0000000,0x00000000c0c2dc88,0x00000000c1f80000)
 Metaspace       used 22071K, capacity 22290K, committed 22656K, reserved 1069056K
  class space    used 2807K, capacity 2899K, committed 2944K, reserved 1048576K
GC Heap History (10 events):
Event: 9.291 GC heap before
{Heap before GC invocations=4 (full 0):
 PSYoungGen      total 18944K, used 18914K [0x00000000eab00000, 0x00000000ec000000, 0x0000000100000000)
  eden space 16384K, 100% used [0x00000000eab00000,0x00000000ebb00000,0x00000000ebb00000)
  from space 2560K, 98% used [0x00000000ebb00000,0x00000000ebd78b30,0x00000000ebd80000)
  to   space 2560K, 0% used [0x00000000ebd80000,0x00000000ebd80000,0x00000000ec000000)
 ParOldGen       total 44032K, used 4419K [0x00000000c0000000, 0x00000000c2b00000, 0x00000000eab00000)
  object space 44032K, 10% used [0x00000000c0000000,0x00000000c0450f78,0x00000000c2b00000)
 Metaspace       used 14321K, capacity 14432K, committed 14720K, reserved 1062912K
  class space    used 1766K, capacity 1810K, committed 1920K, reserved 1048576K
Event: 9.297 GC heap after
Heap after GC invocations=4 (full 0):
 PSYoungGen      total 18944K, used 2551K [0x00000000eab00000, 0x00000000ec000000, 0x0000000100000000)
  eden space 16384K, 0% used [0x00000000eab00000,0x00000000eab00000,0x00000000ebb00000)
  from space 2560K, 99% used [0x00000000ebd80000,0x00000000ebffdcb0,0x00000000ec000000)
  to   space 2560K, 0% used [0x00000000ebb00000,0x00000000ebb00000,0x00000000ebd80000)
 ParOldGen       total 44032K, used 6711K [0x00000000c0000000, 0x00000000c2b00000, 0x00000000eab00000)
  object space 44032K, 15% used [0x00000000c0000000,0x00000000c068de80,0x00000000c2b00000)
 Metaspace       used 14321K, capacity 14432K, committed 14720K, reserved 1062912K
  class space    used 1766K, capacity 1810K, committed 1920K, reserved 1048576K
}
Event: 11.414 GC heap before
{Heap before GC invocations=5 (full 0):
 PSYoungGen      total 18944K, used 18935K [0x00000000eab00000, 0x00000000ec000000, 0x0000000100000000)
  eden space 16384K, 100% used [0x00000000eab00000,0x00000000ebb00000,0x00000000ebb00000)
  from space 2560K, 99% used [0x00000000ebd80000,0x00000000ebffdcb0,0x00000000ec000000)
  to   space 2560K, 0% used [0x00000000ebb00000,0x00000000ebb00000,0x00000000ebd80000)
 ParOldGen       total 44032K, used 6711K [0x00000000c0000000, 0x00000000c2b00000, 0x00000000eab00000)
  object space 44032K, 15% used [0x00000000c0000000,0x00000000c068de80,0x00000000c2b00000)
 Metaspace       used 18074K, capacity 18294K, committed 18560K, reserved 1064960K
  class space    used 2233K, capacity 2307K, committed 2432K, reserved 1048576K
Event: 11.422 GC heap after
Heap after GC invocations=5 (full 0):
 PSYoungGen      total 18944K, used 2535K [0x00000000eab00000, 0x00000000ec700000, 0x0000000100000000)
  eden space 16384K, 0% used [0x00000000eab00000,0x00000000eab00000,0x00000000ebb00000)
  from space 2560K, 99% used [0x00000000ebb00000,0x00000000ebd79c70,0x00000000ebd80000)
  to   space 6144K, 0% used [0x00000000ec100000,0x00000000ec100000,0x00000000ec700000)
 ParOldGen       total 44032K, used 9228K [0x00000000c0000000, 0x00000000c2b00000, 0x00000000eab00000)
  object space 44032K, 20% used [0x00000000c0000000,0x00000000c0903038,0x00000000c2b00000)
 Metaspace       used 18074K, capacity 18294K, committed 18560K, reserved 1064960K
  class space    used 2233K, capacity 2307K, committed 2432K, reserved 1048576K
}
Event: 13.980 GC heap before
{Heap before GC invocations=6 (full 0):
 PSYoungGen      total 18944K, used 18919K [0x00000000eab00000, 0x00000000ec700000, 0x0000000100000000)
  eden space 16384K, 100% used [0x00000000eab00000,0x00000000ebb00000,0x00000000ebb00000)
  from space 2560K, 99% used [0x00000000ebb00000,0x00000000ebd79c70,0x00000000ebd80000)
  to   space 6144K, 0% used [0x00000000ec100000,0x00000000ec100000,0x00000000ec700000)
 ParOldGen       total 44032K, used 9228K [0x00000000c0000000, 0x00000000c2b00000, 0x00000000eab00000)
  object space 44032K, 20% used [0x00000000c0000000,0x00000000c0903038,0x00000000c2b00000)
 Metaspace       used 20013K, capacity 20270K, committed 20608K, reserved 1067008K
  class space    used 2509K, capacity 2637K, committed 2688K, reserved 1048576K
Event: 13.995 GC heap after
Heap after GC invocations=6 (full 0):
 PSYoungGen      total 22016K, used 5614K [0x00000000eab00000, 0x00000000ec800000, 0x0000000100000000)
  eden space 15872K, 0% used [0x00000000eab00000,0x00000000eab00000,0x00000000eba80000)
  from space 6144K, 91% used [0x00000000ec100000,0x00000000ec67b850,0x00000000ec700000)
  to   space 6656K, 0% used [0x00000000eba80000,0x00000000eba80000,0x00000000ec100000)
 ParOldGen       total 44032K, used 9228K [0x00000000c0000000, 0x00000000c2b00000, 0x00000000eab00000)
  object space 44032K, 20% used [0x00000000c0000000,0x00000000c0903038,0x00000000c2b00000)
 Metaspace       used 20013K, capacity 20270K, committed 20608K, reserved 1067008K
  class space    used 2509K, capacity 2637K, committed 2688K, reserved 1048576K
}
Event: 15.008 GC heap before
{Heap before GC invocations=7 (full 0):
 PSYoungGen      total 22016K, used 12175K [0x00000000eab00000, 0x00000000ec800000, 0x0000000100000000)
  eden space 15872K, 41% used [0x00000000eab00000,0x00000000eb168590,0x00000000eba80000)
  from space 6144K, 91% used [0x00000000ec100000,0x00000000ec67b850,0x00000000ec700000)
  to   space 6656K, 0% used [0x00000000eba80000,0x00000000eba80000,0x00000000ec100000)
 ParOldGen       total 44032K, used 9228K [0x00000000c0000000, 0x00000000c2b00000, 0x00000000eab00000)
  object space 44032K, 20% used [0x00000000c0000000,0x00000000c0903038,0x00000000c2b00000)
 Metaspace       used 20834K, capacity 21070K, committed 21248K, reserved 1067008K
  class space    used 2634K, capacity 2733K, committed 2816K, reserved 1048576K
Event: 15.016 GC heap after
Heap after GC invocations=7 (full 0):
 PSYoungGen      total 22528K, used 4622K [0x00000000eab00000, 0x00000000ec780000, 0x0000000100000000)
  eden space 15872K, 0% used [0x00000000eab00000,0x00000000eab00000,0x00000000eba80000)
  from space 6656K, 69% used [0x00000000eba80000,0x00000000ebf03968,0x00000000ec100000)
  to   space 6656K, 0% used [0x00000000ec100000,0x00000000ec100000,0x00000000ec780000)
 ParOldGen       total 44032K, used 9928K [0x00000000c0000000, 0x00000000c2b00000, 0x00000000eab00000)
  object space 44032K, 22% used [0x00000000c0000000,0x00000000c09b2388,0x00000000c2b00000)
 Metaspace       used 20834K, capacity 21070K, committed 21248K, reserved 1067008K
  class space    used 2634K, capacity 2733K, committed 2816K, reserved 1048576K
}
Event: 15.016 GC heap before
{Heap before GC invocations=8 (full 1):
 PSYoungGen      total 22528K, used 4622K [0x00000000eab00000, 0x00000000ec780000, 0x0000000100000000)
  eden space 15872K, 0% used [0x00000000eab00000,0x00000000eab00000,0x00000000eba80000)
  from space 6656K, 69% used [0x00000000eba80000,0x00000000ebf03968,0x00000000ec100000)
  to   space 6656K, 0% used [0x00000000ec100000,0x00000000ec100000,0x00000000ec780000)
 ParOldGen       total 44032K, used 9928K [0x00000000c0000000, 0x00000000c2b00000, 0x00000000eab00000)
  object space 44032K, 22% used [0x00000000c0000000,0x00000000c09b2388,0x00000000c2b00000)
 Metaspace       used 20834K, capacity 21070K, committed 21248K, reserved 1067008K
  class space    used 2634K, capacity 2733K, committed 2816K, reserved 1048576K
Event: 15.075 GC heap after
Heap after GC invocations=8 (full 1):
 PSYoungGen      total 22528K, used 0K [0x00000000eab00000, 0x00000000ec780000, 0x0000000100000000)
  eden space 15872K, 0% used [0x00000000eab00000,0x00000000eab00000,0x00000000eba80000)
  from space 6656K, 0% used [0x00000000eba80000,0x00000000eba80000,0x00000000ec100000)
  to   space 6656K, 0% used [0x00000000ec100000,0x00000000ec100000,0x00000000ec780000)
 ParOldGen       total 32256K, used 12471K [0x00000000c0000000, 0x00000000c1f80000, 0x00000000eab00000)
  object space 32256K, 38% used [0x00000000c0000000,0x00000000c0c2dc88,0x00000000c1f80000)
 Metaspace       used 20834K, capacity 21070K, committed 21248K, reserved 1067008K
  class space    used 2634K, capacity 2733K, committed 2816K, reserved 1048576K
}

