# JRE version: Java(TM) SE Runtime Environment (8.0_121-b13) (build 1.8.0_121-b13)
# Java VM: Java HotSpot(TM) 64-Bit Server VM (25.121-b13 mixed mode windows-amd64 compressed oops)
Heap:
 PSYoungGen      total 22528K, used 13256K [0x00000000eab00000, 0x00000000ec780000, 0x0000000100000000)
  eden space 15872K, 83% used [0x00000000eab00000,0x00000000eb7f2108,0x00000000eba80000)
  from space 6656K, 0% used [0x00000000eba80000,0x00000000eba80000,0x00000000ec100000)
  to   space 6656K, 0% used [0x00000000ec100000,0x00000000ec100000,0x00000000ec780000)
 ParOldGen       total 41472K, used 12466K [0x00000000c0000000, 0x00000000c2880000, 0x00000000eab00000)
  object space 41472K, 30% used [0x00000000c0000000,0x00000000c0c2c970,0x00000000c2880000)
 Metaspace       used 22078K, capacity 22348K, committed 22656K, reserved 1069056K
  class space    used 2810K, capacity 2898K, committed 2944K, reserved 1048576K
GC Heap History (10 events):
Event: 8.369 GC heap before
{Heap before GC invocations=4 (full 0):
 PSYoungGen      total 18944K, used 18930K [0x00000000eab00000, 0x00000000ec000000, 0x0000000100000000)
  eden space 16384K, 100% used [0x00000000eab00000,0x00000000ebb00000,0x00000000ebb00000)
  from space 2560K, 99% used [0x00000000ebb00000,0x00000000ebd7cb40,0x00000000ebd80000)
  to   space 2560K, 0% used [0x00000000ebd80000,0x00000000ebd80000,0x00000000ec000000)
 ParOldGen       total 44032K, used 4410K [0x00000000c0000000, 0x00000000c2b00000, 0x00000000eab00000)
  object space 44032K, 10% used [0x00000000c0000000,0x00000000c044e928,0x00000000c2b00000)
 Metaspace       used 14338K, capacity 14432K, committed 14720K, reserved 1062912K
  class space    used 1767K, capacity 1810K, committed 1920K, reserved 1048576K
Event: 8.377 GC heap after
Heap after GC invocations=4 (full 0):
 PSYoungGen      total 18944K, used 2535K [0x00000000eab00000, 0x00000000ec000000, 0x0000000100000000)
  eden space 16384K, 0% used [0x00000000eab00000,0x00000000eab00000,0x00000000ebb00000)
  from space 2560K, 99% used [0x00000000ebd80000,0x00000000ebff9ca0,0x00000000ec000000)
  to   space 2560K, 0% used [0x00000000ebb00000,0x00000000ebb00000,0x00000000ebd80000)
 ParOldGen       total 44032K, used 6749K [0x00000000c0000000, 0x00000000c2b00000, 0x00000000eab00000)
  object space 44032K, 15% used [0x00000000c0000000,0x00000000c0697720,0x00000000c2b00000)
 Metaspace       used 14338K, capacity 14432K, committed 14720K, reserved 1062912K
  class space    used 1767K, capacity 1810K, committed 1920K, reserved 1048576K
}
Event: 10.424 GC heap before
{Heap before GC invocations=5 (full 0):
 PSYoungGen      total 18944K, used 18919K [0x00000000eab00000, 0x00000000ec000000, 0x0000000100000000)
  eden space 16384K, 100% used [0x00000000eab00000,0x00000000ebb00000,0x00000000ebb00000)
  from space 2560K, 99% used [0x00000000ebd80000,0x00000000ebff9ca0,0x00000000ec000000)
  to   space 2560K, 0% used [0x00000000ebb00000,0x00000000ebb00000,0x00000000ebd80000)
 ParOldGen       total 44032K, used 6749K [0x00000000c0000000, 0x00000000c2b00000, 0x00000000eab00000)
  object space 44032K, 15% used [0x00000000c0000000,0x00000000c0697720,0x00000000c2b00000)
 Metaspace       used 18114K, capacity 18288K, committed 18560K, reserved 1064960K
  class space    used 2238K, capacity 2306K, committed 2432K, reserved 1048576K
Event: 10.432 GC heap after
Heap after GC invocations=5 (full 0):
 PSYoungGen      total 18944K, used 2551K [0x00000000eab00000, 0x00000000ec700000, 0x0000000100000000)
  eden space 16384K, 0% used [0x00000000eab00000,0x00000000eab00000,0x00000000ebb00000)
  from space 2560K, 99% used [0x00000000ebb00000,0x00000000ebd7dc80,0x00000000ebd80000)
  to   space 6144K, 0% used [0x00000000ec100000,0x00000000ec100000,0x00000000ec700000)
 ParOldGen       total 44032K, used 9218K [0x00000000c0000000, 0x00000000c2b00000, 0x00000000eab00000)
  object space 44032K, 20% used [0x00000000c0000000,0x00000000c0900a38,0x00000000c2b00000)
 Metaspace       used 18114K, capacity 18288K, committed 18560K, reserved 1064960K
  class space    used 2238K, capacity 2306K, committed 2432K, reserved 1048576K
}
Event: 12.356 GC heap before
{Heap before GC invocations=6 (full 0):
 PSYoungGen      total 18944K, used 18935K [0x00000000eab00000, 0x00000000ec700000, 0x0000000100000000)
  eden space 16384K, 100% used [0x00000000eab00000,0x00000000ebb00000,0x00000000ebb00000)
  from space 2560K, 99% used [0x00000000ebb00000,0x00000000ebd7dc80,0x00000000ebd80000)
  to   space 6144K, 0% used [0x00000000ec100000,0x00000000ec100000,0x00000000ec700000)
 ParOldGen       total 44032K, used 9218K [0x00000000c0000000, 0x00000000c2b00000, 0x00000000eab00000)
  object space 44032K, 20% used [0x00000000c0000000,0x00000000c0900a38,0x00000000c2b00000)
 Metaspace       used 20029K, capacity 20264K, committed 20608K, reserved 1067008K
  class space    used 2512K, capacity 2636K, committed 2688K, reserved 1048576K
Event: 12.367 GC heap after
Heap after GC invocations=6 (full 0):
 PSYoungGen      total 22016K, used 5616K [0x00000000eab00000, 0x00000000ec800000, 0x0000000100000000)
  eden space 15872K, 0% used [0x00000000eab00000,0x00000000eab00000,0x00000000eba80000)
  from space 6144K, 91% used [0x00000000ec100000,0x00000000ec67c220,0x00000000ec700000)
  to   space 6656K, 0% used [0x00000000eba80000,0x00000000eba80000,0x00000000ec100000)
 ParOldGen       total 44032K, used 9218K [0x00000000c0000000, 0x00000000c2b00000, 0x00000000eab00000)
  object space 44032K, 20% used [0x00000000c0000000,0x00000000c0900a38,0x00000000c2b00000)
 Metaspace       used 20029K, capacity 20264K, committed 20608K, reserved 1067008K
  class space    used 2512K, capacity 2636K, committed 2688K, reserved 1048576K
}
Event: 13.473 GC heap before
{Heap before GC invocations=7 (full 0):
 PSYoungGen      total 22016K, used 11858K [0x00000000eab00000, 0x00000000ec800000, 0x0000000100000000)
  eden space 15872K, 39% used [0x00000000eab00000,0x00000000eb1187f0,0x00000000eba80000)
  from space 6144K, 91% used [0x00000000ec100000,0x00000000ec67c220,0x00000000ec700000)
  to   space 6656K, 0% used [0x00000000eba80000,0x00000000eba80000,0x00000000ec100000)
 ParOldGen       total 44032K, used 9218K [0x00000000c0000000, 0x00000000c2b00000, 0x00000000eab00000)
  object space 44032K, 20% used [0x00000000c0000000,0x00000000c0900a38,0x00000000c2b00000)
 Metaspace       used 20839K, capacity 21064K, committed 21248K, reserved 1067008K
  class space    used 2633K, capacity 2732K, committed 2816K, reserved 1048576K
Event: 13.482 GC heap after
Heap after GC invocations=7 (full 0):
 PSYoungGen      total 22528K, used 4718K [0x00000000eab00000, 0x00000000ec780000, 0x0000000100000000)
  eden space 15872K, 0% used [0x00000000eab00000,0x00000000eab00000,0x00000000eba80000)
  from space 6656K, 70% used [0x00000000eba80000,0x00000000ebf1b918,0x00000000ec100000)
  to   space 6656K, 0% used [0x00000000ec100000,0x00000000ec100000,0x00000000ec780000)
 ParOldGen       total 44032K, used 9855K [0x00000000c0000000, 0x00000000c2b00000, 0x00000000eab00000)
  object space 44032K, 22% used [0x00000000c0000000,0x00000000c099fd48,0x00000000c2b00000)
 Metaspace       used 20839K, capacity 21064K, committed 21248K, reserved 1067008K
  class space    used 2633K, capacity 2732K, committed 2816K, reserved 1048576K
}
Event: 13.482 GC heap before
{Heap before GC invocations=8 (full 1):
 PSYoungGen      total 22528K, used 4718K [0x00000000eab00000, 0x00000000ec780000, 0x0000000100000000)
  eden space 15872K, 0% used [0x00000000eab00000,0x00000000eab00000,0x00000000eba80000)
  from space 6656K, 70% used [0x00000000eba80000,0x00000000ebf1b918,0x00000000ec100000)
  to   space 6656K, 0% used [0x00000000ec100000,0x00000000ec100000,0x00000000ec780000)
 ParOldGen       total 44032K, used 9855K [0x00000000c0000000, 0x00000000c2b00000, 0x00000000eab00000)
  object space 44032K, 22% used [0x00000000c0000000,0x00000000c099fd48,0x00000000c2b00000)
 Metaspace       used 20839K, capacity 21064K, committed 21248K, reserved 1067008K
  class space    used 2633K, capacity 2732K, committed 2816K, reserved 1048576K
Event: 13.565 GC heap after
Heap after GC invocations=8 (full 1):
 PSYoungGen      total 22528K, used 0K [0x00000000eab00000, 0x00000000ec780000, 0x0000000100000000)
  eden space 15872K, 0% used [0x00000000eab00000,0x00000000eab00000,0x00000000eba80000)
  from space 6656K, 0% used [0x00000000eba80000,0x00000000eba80000,0x00000000ec100000)
  to   space 6656K, 0% used [0x00000000ec100000,0x00000000ec100000,0x00000000ec780000)
 ParOldGen       total 41472K, used 12466K [0x00000000c0000000, 0x00000000c2880000, 0x00000000eab00000)
  object space 41472K, 30% used [0x00000000c0000000,0x00000000c0c2c970,0x00000000c2880000)
 Metaspace       used 20839K, capacity 21064K, committed 21248K, reserved 1067008K
  class space    used 2633K, capacity 2732K, committed 2816K, reserved 1048576K
}

