# JRE version: Java(TM) SE Runtime Environment (8.0_121-b13) (build 1.8.0_121-b13)
# Java VM: Java HotSpot(TM) 64-Bit Server VM (25.121-b13 mixed mode windows-amd64 compressed oops)
Heap:
 PSYoungGen      total 18944K, used 1772K [0x00000000eab00000, 0x00000000ec000000, 0x0000000100000000)
  eden space 16384K, 4% used [0x00000000eab00000,0x00000000eabb5d70,0x00000000ebb00000)
  from space 2560K, 40% used [0x00000000ebd80000,0x00000000ebe85610,0x00000000ec000000)
  to   space 2560K, 0% used [0x00000000ebb00000,0x00000000ebb00000,0x00000000ebd80000)
 ParOldGen       total 38400K, used 10368K [0x00000000c0000000, 0x00000000c2580000, 0x00000000eab00000)
  object space 38400K, 27% used [0x00000000c0000000,0x00000000c0a201d8,0x00000000c2580000)
 Metaspace       used 21379K, capacity 21610K, committed 22016K, reserved 1077248K
  class space    used 2651K, capacity 2738K, committed 2816K, reserved 1048576K
GC Heap History (10 events):
Event: 14.129 GC heap before
{Heap before GC invocations=7 (full 1):
 PSYoungGen      total 18944K, used 2544K [0x00000000eab00000, 0x00000000ec000000, 0x0000000100000000)
  eden space 16384K, 0% used [0x00000000eab00000,0x00000000eab00000,0x00000000ebb00000)
  from space 2560K, 99% used [0x00000000ebd80000,0x00000000ebffc080,0x00000000ec000000)
  to   space 2560K, 0% used [0x00000000ebb00000,0x00000000ebb00000,0x00000000ebd80000)
 ParOldGen       total 44032K, used 11033K [0x00000000c0000000, 0x00000000c2b00000, 0x00000000eab00000)
  object space 44032K, 25% used [0x00000000c0000000,0x00000000c0ac6750,0x00000000c2b00000)
 Metaspace       used 18724K, capacity 18898K, committed 19072K, reserved 1079296K
  class space    used 2322K, capacity 2414K, committed 2432K, reserved 1048576K
Event: 14.211 GC heap after
Heap after GC invocations=7 (full 1):
 PSYoungGen      total 18944K, used 0K [0x00000000eab00000, 0x00000000ec000000, 0x0000000100000000)
  eden space 16384K, 0% used [0x00000000eab00000,0x00000000eab00000,0x00000000ebb00000)
  from space 2560K, 0% used [0x00000000ebd80000,0x00000000ebd80000,0x00000000ec000000)
  to   space 2560K, 0% used [0x00000000ebb00000,0x00000000ebb00000,0x00000000ebd80000)
 ParOldGen       total 38400K, used 10336K [0x00000000c0000000, 0x00000000c2580000, 0x00000000eab00000)
  object space 38400K, 26% used [0x00000000c0000000,0x00000000c0a181d8,0x00000000c2580000)
 Metaspace       used 18724K, capacity 18898K, committed 19072K, reserved 1075200K
  class space    used 2322K, capacity 2414K, committed 2432K, reserved 1048576K
}
Event: 37.324 GC heap before
{Heap before GC invocations=8 (full 1):
 PSYoungGen      total 18944K, used 16384K [0x00000000eab00000, 0x00000000ec000000, 0x0000000100000000)
  eden space 16384K, 100% used [0x00000000eab00000,0x00000000ebb00000,0x00000000ebb00000)
  from space 2560K, 0% used [0x00000000ebd80000,0x00000000ebd80000,0x00000000ec000000)
  to   space 2560K, 0% used [0x00000000ebb00000,0x00000000ebb00000,0x00000000ebd80000)
 ParOldGen       total 38400K, used 10336K [0x00000000c0000000, 0x00000000c2580000, 0x00000000eab00000)
  object space 38400K, 26% used [0x00000000c0000000,0x00000000c0a181d8,0x00000000c2580000)
 Metaspace       used 20871K, capacity 21098K, committed 21504K, reserved 1075200K
  class space    used 2609K, capacity 2738K, committed 2816K, reserved 1048576K
Event: 37.329 GC heap after
Heap after GC invocations=8 (full 1):
 PSYoungGen      total 18944K, used 1824K [0x00000000eab00000, 0x00000000ec000000, 0x0000000100000000)
  eden space 16384K, 0% used [0x00000000eab00000,0x00000000eab00000,0x00000000ebb00000)
  from space 2560K, 71% used [0x00000000ebb00000,0x00000000ebcc81a0,0x00000000ebd80000)
  to   space 2560K, 0% used [0x00000000ebd80000,0x00000000ebd80000,0x00000000ec000000)
 ParOldGen       total 38400K, used 10344K [0x00000000c0000000, 0x00000000c2580000, 0x00000000eab00000)
  object space 38400K, 26% used [0x00000000c0000000,0x00000000c0a1a1d8,0x00000000c2580000)
 Metaspace       used 20871K, capacity 21098K, committed 21504K, reserved 1075200K
  class space    used 2609K, capacity 2738K, committed 2816K, reserved 1048576K
}
Event: 37.840 GC heap before
{Heap before GC invocations=9 (full 1):
 PSYoungGen      total 18944K, used 18208K [0x00000000eab00000, 0x00000000ec000000, 0x0000000100000000)
  eden space 16384K, 100% used [0x00000000eab00000,0x00000000ebb00000,0x00000000ebb00000)
  from space 2560K, 71% used [0x00000000ebb00000,0x00000000ebcc81a0,0x00000000ebd80000)
  to   space 2560K, 0% used [0x00000000ebd80000,0x00000000ebd80000,0x00000000ec000000)
 ParOldGen       total 38400K, used 10344K [0x00000000c0000000, 0x00000000c2580000, 0x00000000eab00000)
  object space 38400K, 26% used [0x00000000c0000000,0x00000000c0a1a1d8,0x00000000c2580000)
 Metaspace       used 21171K, capacity 21418K, committed 21760K, reserved 1077248K
  class space    used 2626K, capacity 2738K, committed 2816K, reserved 1048576K
Event: 37.843 GC heap after
Heap after GC invocations=9 (full 1):
 PSYoungGen      total 18944K, used 784K [0x00000000eab00000, 0x00000000ec000000, 0x0000000100000000)
  eden space 16384K, 0% used [0x00000000eab00000,0x00000000eab00000,0x00000000ebb00000)
  from space 2560K, 30% used [0x00000000ebd80000,0x00000000ebe44010,0x00000000ec000000)
  to   space 2560K, 0% used [0x00000000ebb00000,0x00000000ebb00000,0x00000000ebd80000)
 ParOldGen       total 38400K, used 10352K [0x00000000c0000000, 0x00000000c2580000, 0x00000000eab00000)
  object space 38400K, 26% used [0x00000000c0000000,0x00000000c0a1c1d8,0x00000000c2580000)
 Metaspace       used 21171K, capacity 21418K, committed 21760K, reserved 1077248K
  class space    used 2626K, capacity 2738K, committed 2816K, reserved 1048576K
}
Event: 38.053 GC heap before
{Heap before GC invocations=10 (full 1):
 PSYoungGen      total 18944K, used 17168K [0x00000000eab00000, 0x00000000ec000000, 0x0000000100000000)
  eden space 16384K, 100% used [0x00000000eab00000,0x00000000ebb00000,0x00000000ebb00000)
  from space 2560K, 30% used [0x00000000ebd80000,0x00000000ebe44010,0x00000000ec000000)
  to   space 2560K, 0% used [0x00000000ebb00000,0x00000000ebb00000,0x00000000ebd80000)
 ParOldGen       total 38400K, used 10352K [0x00000000c0000000, 0x00000000c2580000, 0x00000000eab00000)
  object space 38400K, 26% used [0x00000000c0000000,0x00000000c0a1c1d8,0x00000000c2580000)
 Metaspace       used 21300K, capacity 21546K, committed 22016K, reserved 1077248K
  class space    used 2646K, capacity 2738K, committed 2816K, reserved 1048576K
Event: 38.059 GC heap after
Heap after GC invocations=10 (full 1):
 PSYoungGen      total 18944K, used 704K [0x00000000eab00000, 0x00000000ec000000, 0x0000000100000000)
  eden space 16384K, 0% used [0x00000000eab00000,0x00000000eab00000,0x00000000ebb00000)
  from space 2560K, 27% used [0x00000000ebb00000,0x00000000ebbb0000,0x00000000ebd80000)
  to   space 2560K, 0% used [0x00000000ebd80000,0x00000000ebd80000,0x00000000ec000000)
 ParOldGen       total 38400K, used 10360K [0x00000000c0000000, 0x00000000c2580000, 0x00000000eab00000)
  object space 38400K, 26% used [0x00000000c0000000,0x00000000c0a1e1d8,0x00000000c2580000)
 Metaspace       used 21300K, capacity 21546K, committed 22016K, reserved 1077248K
  class space    used 2646K, capacity 2738K, committed 2816K, reserved 1048576K
}
Event: 38.305 GC heap before
{Heap before GC invocations=11 (full 1):
 PSYoungGen      total 18944K, used 16949K [0x00000000eab00000, 0x00000000ec000000, 0x0000000100000000)
  eden space 16384K, 99% used [0x00000000eab00000,0x00000000ebadd560,0x00000000ebb00000)
  from space 2560K, 27% used [0x00000000ebb00000,0x00000000ebbb0000,0x00000000ebd80000)
  to   space 2560K, 0% used [0x00000000ebd80000,0x00000000ebd80000,0x00000000ec000000)
 ParOldGen       total 38400K, used 10360K [0x00000000c0000000, 0x00000000c2580000, 0x00000000eab00000)
  object space 38400K, 26% used [0x00000000c0000000,0x00000000c0a1e1d8,0x00000000c2580000)
 Metaspace       used 21376K, capacity 21610K, committed 22016K, reserved 1077248K
  class space    used 2651K, capacity 2738K, committed 2816K, reserved 1048576K
Event: 38.314 GC heap after
Heap after GC invocations=11 (full 1):
 PSYoungGen      total 18944K, used 1045K [0x00000000eab00000, 0x00000000ec000000, 0x0000000100000000)
  eden space 16384K, 0% used [0x00000000eab00000,0x00000000eab00000,0x00000000ebb00000)
  from space 2560K, 40% used [0x00000000ebd80000,0x00000000ebe85610,0x00000000ec000000)
  to   space 2560K, 0% used [0x00000000ebb00000,0x00000000ebb00000,0x00000000ebd80000)
 ParOldGen       total 38400K, used 10368K [0x00000000c0000000, 0x00000000c2580000, 0x00000000eab00000)
  object space 38400K, 27% used [0x00000000c0000000,0x00000000c0a201d8,0x00000000c2580000)
 Metaspace       used 21376K, capacity 21610K, committed 22016K, reserved 1077248K
  class space    used 2651K, capacity 2738K, committed 2816K, reserved 1048576K
}

