# JRE version: Java(TM) SE Runtime Environment (8.0_121-b13) (build 1.8.0_121-b13)
# Java VM: Java HotSpot(TM) 64-Bit Server VM (25.121-b13 mixed mode windows-amd64 compressed oops)
Heap:
 PSYoungGen      total 22528K, used 10557K [0x00000000eab00000, 0x00000000ec780000, 0x0000000100000000)
  eden space 15872K, 66% used [0x00000000eab00000,0x00000000eb54f690,0x00000000eba80000)
  from space 6656K, 0% used [0x00000000eba80000,0x00000000eba80000,0x00000000ec100000)
  to   space 6656K, 0% used [0x00000000ec100000,0x00000000ec100000,0x00000000ec780000)
 ParOldGen       total 31232K, used 11227K [0x00000000c0000000, 0x00000000c1e80000, 0x00000000eab00000)
  object space 31232K, 35% used [0x00000000c0000000,0x00000000c0af6f18,0x00000000c1e80000)
 Metaspace       used 22030K, capacity 22298K, committed 22656K, reserved 1069056K
  class space    used 2810K, capacity 2899K, committed 2944K, reserved 1048576K
GC Heap History (10 events):
Event: 9.012 GC heap before
{Heap before GC invocations=4 (full 0):
 PSYoungGen      total 18944K, used 18930K [0x00000000eab00000, 0x00000000ec000000, 0x0000000100000000)
  eden space 16384K, 100% used [0x00000000eab00000,0x00000000ebb00000,0x00000000ebb00000)
  from space 2560K, 99% used [0x00000000ebb00000,0x00000000ebd7cb20,0x00000000ebd80000)
  to   space 2560K, 0% used [0x00000000ebd80000,0x00000000ebd80000,0x00000000ec000000)
 ParOldGen       total 44032K, used 4396K [0x00000000c0000000, 0x00000000c2b00000, 0x00000000eab00000)
  object space 44032K, 9% used [0x00000000c0000000,0x00000000c044b3e8,0x00000000c2b00000)
 Metaspace       used 14341K, capacity 14440K, committed 14720K, reserved 1062912K
  class space    used 1766K, capacity 1810K, committed 1920K, reserved 1048576K
Event: 9.018 GC heap after
Heap after GC invocations=4 (full 0):
 PSYoungGen      total 18944K, used 2535K [0x00000000eab00000, 0x00000000ec000000, 0x0000000100000000)
  eden space 16384K, 0% used [0x00000000eab00000,0x00000000eab00000,0x00000000ebb00000)
  from space 2560K, 99% used [0x00000000ebd80000,0x00000000ebff9ca0,0x00000000ec000000)
  to   space 2560K, 0% used [0x00000000ebb00000,0x00000000ebb00000,0x00000000ebd80000)
 ParOldGen       total 44032K, used 6724K [0x00000000c0000000, 0x00000000c2b00000, 0x00000000eab00000)
  object space 44032K, 15% used [0x00000000c0000000,0x00000000c06911c8,0x00000000c2b00000)
 Metaspace       used 14341K, capacity 14440K, committed 14720K, reserved 1062912K
  class space    used 1766K, capacity 1810K, committed 1920K, reserved 1048576K
}
Event: 11.066 GC heap before
{Heap before GC invocations=5 (full 0):
 PSYoungGen      total 18944K, used 18919K [0x00000000eab00000, 0x00000000ec000000, 0x0000000100000000)
  eden space 16384K, 100% used [0x00000000eab00000,0x00000000ebb00000,0x00000000ebb00000)
  from space 2560K, 99% used [0x00000000ebd80000,0x00000000ebff9ca0,0x00000000ec000000)
  to   space 2560K, 0% used [0x00000000ebb00000,0x00000000ebb00000,0x00000000ebd80000)
 ParOldGen       total 44032K, used 6724K [0x00000000c0000000, 0x00000000c2b00000, 0x00000000eab00000)
  object space 44032K, 15% used [0x00000000c0000000,0x00000000c06911c8,0x00000000c2b00000)
 Metaspace       used 18062K, capacity 18296K, committed 18560K, reserved 1064960K
  class space    used 2232K, capacity 2306K, committed 2432K, reserved 1048576K
Event: 11.073 GC heap after
Heap after GC invocations=5 (full 0):
 PSYoungGen      total 18944K, used 2535K [0x00000000eab00000, 0x00000000ec700000, 0x0000000100000000)
  eden space 16384K, 0% used [0x00000000eab00000,0x00000000eab00000,0x00000000ebb00000)
  from space 2560K, 99% used [0x00000000ebb00000,0x00000000ebd79ca0,0x00000000ebd80000)
  to   space 6144K, 0% used [0x00000000ec100000,0x00000000ec100000,0x00000000ec700000)
 ParOldGen       total 44032K, used 9182K [0x00000000c0000000, 0x00000000c2b00000, 0x00000000eab00000)
  object space 44032K, 20% used [0x00000000c0000000,0x00000000c08f7b58,0x00000000c2b00000)
 Metaspace       used 18062K, capacity 18296K, committed 18560K, reserved 1064960K
  class space    used 2232K, capacity 2306K, committed 2432K, reserved 1048576K
}
Event: 13.358 GC heap before
{Heap before GC invocations=6 (full 0):
 PSYoungGen      total 18944K, used 18919K [0x00000000eab00000, 0x00000000ec700000, 0x0000000100000000)
  eden space 16384K, 100% used [0x00000000eab00000,0x00000000ebb00000,0x00000000ebb00000)
  from space 2560K, 99% used [0x00000000ebb00000,0x00000000ebd79ca0,0x00000000ebd80000)
  to   space 6144K, 0% used [0x00000000ec100000,0x00000000ec100000,0x00000000ec700000)
 ParOldGen       total 44032K, used 9182K [0x00000000c0000000, 0x00000000c2b00000, 0x00000000eab00000)
  object space 44032K, 20% used [0x00000000c0000000,0x00000000c08f7b58,0x00000000c2b00000)
 Metaspace       used 20012K, capacity 20278K, committed 20608K, reserved 1067008K
  class space    used 2509K, capacity 2637K, committed 2688K, reserved 1048576K
Event: 13.369 GC heap after
Heap after GC invocations=6 (full 0):
 PSYoungGen      total 22016K, used 5628K [0x00000000eab00000, 0x00000000ec800000, 0x0000000100000000)
  eden space 15872K, 0% used [0x00000000eab00000,0x00000000eab00000,0x00000000eba80000)
  from space 6144K, 91% used [0x00000000ec100000,0x00000000ec67f0f0,0x00000000ec700000)
  to   space 6656K, 0% used [0x00000000eba80000,0x00000000eba80000,0x00000000ec100000)
 ParOldGen       total 44032K, used 9182K [0x00000000c0000000, 0x00000000c2b00000, 0x00000000eab00000)
  object space 44032K, 20% used [0x00000000c0000000,0x00000000c08f7b58,0x00000000c2b00000)
 Metaspace       used 20012K, capacity 20278K, committed 20608K, reserved 1067008K
  class space    used 2509K, capacity 2637K, committed 2688K, reserved 1048576K
}
Event: 14.501 GC heap before
{Heap before GC invocations=7 (full 0):
 PSYoungGen      total 22016K, used 12840K [0x00000000eab00000, 0x00000000ec800000, 0x0000000100000000)
  eden space 15872K, 45% used [0x00000000eab00000,0x00000000eb20b000,0x00000000eba80000)
  from space 6144K, 91% used [0x00000000ec100000,0x00000000ec67f0f0,0x00000000ec700000)
  to   space 6656K, 0% used [0x00000000eba80000,0x00000000eba80000,0x00000000ec100000)
 ParOldGen       total 44032K, used 9182K [0x00000000c0000000, 0x00000000c2b00000, 0x00000000eab00000)
  object space 44032K, 20% used [0x00000000c0000000,0x00000000c08f7b58,0x00000000c2b00000)
 Metaspace       used 20917K, capacity 21110K, committed 21248K, reserved 1067008K
  class space    used 2651K, capacity 2765K, committed 2816K, reserved 1048576K
Event: 14.508 GC heap after
Heap after GC invocations=7 (full 0):
 PSYoungGen      total 22528K, used 4757K [0x00000000eab00000, 0x00000000ec780000, 0x0000000100000000)
  eden space 15872K, 0% used [0x00000000eab00000,0x00000000eab00000,0x00000000eba80000)
  from space 6656K, 71% used [0x00000000eba80000,0x00000000ebf25748,0x00000000ec100000)
  to   space 6656K, 0% used [0x00000000ec100000,0x00000000ec100000,0x00000000ec780000)
 ParOldGen       total 44032K, used 9843K [0x00000000c0000000, 0x00000000c2b00000, 0x00000000eab00000)
  object space 44032K, 22% used [0x00000000c0000000,0x00000000c099cea8,0x00000000c2b00000)
 Metaspace       used 20917K, capacity 21110K, committed 21248K, reserved 1067008K
  class space    used 2651K, capacity 2765K, committed 2816K, reserved 1048576K
}
Event: 14.508 GC heap before
{Heap before GC invocations=8 (full 1):
 PSYoungGen      total 22528K, used 4757K [0x00000000eab00000, 0x00000000ec780000, 0x0000000100000000)
  eden space 15872K, 0% used [0x00000000eab00000,0x00000000eab00000,0x00000000eba80000)
  from space 6656K, 71% used [0x00000000eba80000,0x00000000ebf25748,0x00000000ec100000)
  to   space 6656K, 0% used [0x00000000ec100000,0x00000000ec100000,0x00000000ec780000)
 ParOldGen       total 44032K, used 9843K [0x00000000c0000000, 0x00000000c2b00000, 0x00000000eab00000)
  object space 44032K, 22% used [0x00000000c0000000,0x00000000c099cea8,0x00000000c2b00000)
 Metaspace       used 20917K, capacity 21110K, committed 21248K, reserved 1067008K
  class space    used 2651K, capacity 2765K, committed 2816K, reserved 1048576K
Event: 14.567 GC heap after
Heap after GC invocations=8 (full 1):
 PSYoungGen      total 22528K, used 0K [0x00000000eab00000, 0x00000000ec780000, 0x0000000100000000)
  eden space 15872K, 0% used [0x00000000eab00000,0x00000000eab00000,0x00000000eba80000)
  from space 6656K, 0% used [0x00000000eba80000,0x00000000eba80000,0x00000000ec100000)
  to   space 6656K, 0% used [0x00000000ec100000,0x00000000ec100000,0x00000000ec780000)
 ParOldGen       total 31232K, used 11227K [0x00000000c0000000, 0x00000000c1e80000, 0x00000000eab00000)
  object space 31232K, 35% used [0x00000000c0000000,0x00000000c0af6f18,0x00000000c1e80000)
 Metaspace       used 20917K, capacity 21110K, committed 21248K, reserved 1067008K
  class space    used 2651K, capacity 2765K, committed 2816K, reserved 1048576K
}

