<?xml version="1.0" encoding="UTF-8"?>
<!-- Generated by org.testng.reporters.JUnitXMLReporter -->
<testsuite hostname="HIXTESTERDSKTP1" ignored="0" name="LoginTest" tests="1" failures="0" timestamp="19 Dec 2017 16:21:14 GMT" time="0.164" errors="0">
  <testcase name="@BeforeSuite setup" time="0.093" classname="consumerPortalbase.ConsumerPortalTestBase">
    <failure type="java.lang.NullPointerException">
      <![CDATA[java.lang.NullPointerExceptionat consumerPortalbase.ConsumerPortalTestBase.setup(ConsumerPortalTestBase.java:55)... Removed 20 stack frames]]>
    </failure>
  </testcase> <!-- @BeforeSuite setup -->
  <testcase name="login" time="0.0" classname="consumerPortalTestCases.LoginTest">
    <skipped/>
  </testcase> <!-- login -->
</testsuite> <!-- LoginTest -->
