<?xml version="1.0" encoding="UTF-8"?>
<!-- Generated by org.testng.reporters.JUnitXMLReporter -->
<testsuite hostname="HIXTESTERDSKTP1" ignored="0" name="Login Test" tests="2" failures="1" timestamp="25 Jun 2019 19:17:15 GMT" time="0.468" errors="0">
  <testcase name="loginTest" time="0.141" classname="com.w2a.testcases.LoginTest"/>
  <testcase name="loginTest" time="0.359" classname="com.w2a.testcases.LoginTest">
    <failure type="java.lang.NullPointerException">
      <![CDATA[java.lang.NullPointerException
at com.w2a.utilities.TestUtil.captureScreenshot(TestUtil.java:23)
at com.w2a.listeners.CustomListeners.onTestSuccess(CustomListeners.java:66)
... Removed 22 stack frames]]>
    </failure>
  </testcase> <!-- loginTest -->
</testsuite> <!-- Login Test -->
