<?xml version="1.0" encoding="UTF-8"?>
<testng-results skipped="0" failed="0" ignored="0" total="1" passed="1">
  <reporter-output>
    <line>
      <![CDATA[UUQHP application created Successfully - Smoke Test Pass]]>
    </line>
    <line>
      <![CDATA[<a target = "_blank" href = "H:\Selenium\SeleniumSS.jpeg">Screenshot</a>]]>
    </line>
    <line>
      <![CDATA[<br>]]>
    </line>
    <line>
      <![CDATA[<a target = "_blank" href = "H:\Selenium\SeleniumSS.jpeg"><img src ="H:\Selenium\SeleniumSS.jpeg" height = 200 width = 200></img></a>]]>
    </line>
    <line>
      <![CDATA[UUQHP application created - smoke Test Passed]]>
    </line>
    <line>
      <![CDATA[<a target = "_blank" href = Thu_Apr_05_16_48_03_CDT_2018.jpeg>Screenshot</a>]]>
    </line>
    <line>
      <![CDATA[<br>]]>
    </line>
    <line>
      <![CDATA[<a target = "_blank" href = Thu_Apr_05_16_48_03_CDT_2018.jpeg><img src =Thu_Apr_05_16_48_03_CDT_2018.jpeg height = 200 width = 200></img></a>]]>
    </line>
  </reporter-output>
  <suite name="Data Driven Basics" duration-ms="67310" started-at="2018-04-05T21:46:57Z" finished-at="2018-04-05T21:48:05Z">
    <groups>
    </groups>
    <test name="UUQHPSmokeTest" duration-ms="67310" started-at="2018-04-05T21:46:57Z" finished-at="2018-04-05T21:48:05Z">
      <class name="com.w2a.testCases.UUQHPSmokeTest">
        <test-method status="PASS" signature="setUp()[pri:0, instance:com.w2a.testCases.UUQHPSmokeTest@a530d0a]" name="setUp" is-config="true" duration-ms="89" started-at="2018-04-05T21:46:57Z" finished-at="2018-04-05T21:46:57Z">
          <reporter-output>
          </reporter-output>
        </test-method> <!-- setUp -->
        <test-method status="PASS" signature="LaunchBrowser()[pri:0, instance:com.w2a.testCases.UUQHPSmokeTest@a530d0a]" name="LaunchBrowser" is-config="true" duration-ms="11994" started-at="2018-04-05T21:46:57Z" finished-at="2018-04-05T21:47:09Z">
          <reporter-output>
          </reporter-output>
        </test-method> <!-- LaunchBrowser -->
        <test-method status="PASS" signature="UUQHPApplication()[pri:0, instance:com.w2a.testCases.UUQHPSmokeTest@a530d0a]" name="UUQHPApplication" duration-ms="53245" started-at="2018-04-05T21:47:10Z" finished-at="2018-04-05T21:48:03Z">
          <reporter-output>
            <line>
              <![CDATA[UUQHP application created Successfully - Smoke Test Pass]]>
            </line>
            <line>
              <![CDATA[<a target = "_blank" href = "H:\Selenium\SeleniumSS.jpeg">Screenshot</a>]]>
            </line>
            <line>
              <![CDATA[<br>]]>
            </line>
            <line>
              <![CDATA[<a target = "_blank" href = "H:\Selenium\SeleniumSS.jpeg"><img src ="H:\Selenium\SeleniumSS.jpeg" height = 200 width = 200></img></a>]]>
            </line>
            <line>
              <![CDATA[UUQHP application created - smoke Test Passed]]>
            </line>
            <line>
              <![CDATA[<a target = "_blank" href = Thu_Apr_05_16_48_03_CDT_2018.jpeg>Screenshot</a>]]>
            </line>
            <line>
              <![CDATA[<br>]]>
            </line>
            <line>
              <![CDATA[<a target = "_blank" href = Thu_Apr_05_16_48_03_CDT_2018.jpeg><img src =Thu_Apr_05_16_48_03_CDT_2018.jpeg height = 200 width = 200></img></a>]]>
            </line>
          </reporter-output>
        </test-method> <!-- UUQHPApplication -->
        <test-method status="PASS" signature="tearDown()[pri:0, instance:com.w2a.testCases.UUQHPSmokeTest@a530d0a]" name="tearDown" is-config="true" duration-ms="0" started-at="2018-04-05T21:48:05Z" finished-at="2018-04-05T21:48:05Z">
          <reporter-output>
          </reporter-output>
        </test-method> <!-- tearDown -->
      </class> <!-- com.w2a.testCases.UUQHPSmokeTest -->
    </test> <!-- UUQHPSmokeTest -->
  </suite> <!-- Data Driven Basics -->
</testng-results>
